<?xml version="1.0" encoding="UTF-8"?>
<testsuite name="PercentageRuleTest" tests="6" skipped="0" failures="0" errors="0" timestamp="2021-11-19T19:56:58" hostname="ar-jsolis-m" time="0.041">
  <properties/>
  <testcase name="exclude certain percentage in rollout()" classname="PercentageRuleTest" time="0.002"/>
  <testcase name="given the same evaluation key, the name of the rule determines the rollout result()" classname="PercentageRuleTest" time="0.002"/>
  <testcase name="rollout includes 100 returns always true()" classname="PercentageRuleTest" time="0.018"/>
  <testcase name="rollout excludes 100 returns always false()" classname="PercentageRuleTest" time="0.016"/>
  <testcase name="variation test()" classname="PercentageRuleTest" time="0.0"/>
  <testcase name="include certain percentage in rollout()" classname="PercentageRuleTest" time="0.0"/>
  <system-out><![CDATA[88bd3188-930c-44e4-8026-44ea3b2c1ca2 >> 0.2301
1ffeddcb-0f80-417e-800d-302608e2b83e >> 0.0233
1ffeddcb-0f80-417e-800d-302608e2b83e >> 0.9432
d419fa05-94b2-4700-bf15-b6c44e10d236 >> 0.0890
1ca7a363-31c9-4c86-8e61-2f73840ca2ae >> 0.0502
e5236878-dc9d-4624-917e-0aed898ca5fb >> 0.5928
75f4acc8-c08b-4ae9-b031-cba3286f6651 >> 0.9129
40d8f91f-476b-4b5d-bcc8-d17877006789 >> 0.4255
8f0e4258-0144-45c0-82fe-932a1a707268 >> 0.5483
75d38442-0a60-459b-8584-61b4b1c22857 >> 0.1971
6e6e50fb-8356-4539-8532-d59bc6a52b0f >> 0.5261
0811b200-2c47-4806-a716-7c88466bc818 >> 0.4961
94c6972f-61a5-404e-89b4-715fd7a9ee29 >> 0.4281
ae668952-20e8-4212-900d-d17cbf55b192 >> 0.4536
2242ff6c-00a7-438b-a584-87409c19e21b >> 0.1219
3a32e59a-d5b9-4c3e-9fd1-211c65c9e3ce >> 0.3401
c3f28dcd-a27a-4f6a-a1b7-a60d067517e7 >> 0.3483
ebb99f80-2051-4b37-a3fa-dcee7d150349 >> 0.6980
c92a17a2-ffce-4b13-8705-67e73898dc3a >> 0.8592
e6bd8f96-3c42-4804-97de-a9cb9347ae77 >> 0.0284
cbca0f9f-9e28-4b41-8806-74b11b6ddd30 >> 0.0449
c0ba6461-af2b-46e4-9ee0-54f85859a544 >> 0.0112
efffd363-2274-4d8d-9dee-2ba788a59f67 >> 0.7532
334ed4da-ee6e-4fb2-9d21-a4e1be8acee8 >> 0.3779
b1f3217c-c65b-493d-a6c8-3b331e9addec >> 0.8186
d60da924-81e4-46cb-a36e-127509c9b268 >> 0.4121
c969e7dc-44d6-41f0-8b9b-3a4a821be983 >> 0.2822
a3e7af77-d299-4f90-a0f1-3d9ce172c27f >> 0.4858
0cd8b48a-0a7e-44a5-9699-6f2393928bb2 >> 0.4522
c9419a08-9188-4f95-a8e2-8bb0dd6106f4 >> 0.3382
0e850afe-6985-48af-b53d-a3386f16f1e1 >> 0.9152
7149b2de-3048-4111-9d72-cdee563d14ba >> 0.7651
5d9363e3-8323-4185-8456-1916db2456b3 >> 0.5017
0ccca919-55e8-4be2-8deb-5145fcdfc2e0 >> 0.6608
65e88eac-bbc5-48a9-a275-2b7098c8e242 >> 0.8391
31b9e5ad-ae79-4055-8644-0c0be5755f5d >> 0.3643
35d67acb-50a1-432e-a627-44ca9cb14036 >> 0.2161
d931c797-ec6e-4c72-b911-bad308881fa0 >> 0.2378
26ccac21-d05d-46b0-b6c5-cd606d2d2cfc >> 0.7478
40063e30-9095-4198-a58b-02817b5dd71e >> 0.2022
e9498383-9ad4-4516-900f-247e61b239ef >> 0.0602
b6eca3bd-3b66-4964-acda-6e933115690c >> 0.0689
576df5b6-a8fe-4f77-8dde-a9415c088542 >> 0.6502
3a56a943-3b9b-4d2b-8fc6-15b750b4518f >> 0.1989
aa26cc91-4f80-4b31-a501-f93af8de658d >> 0.2681
ead5a059-05f4-43b1-8483-8e893bef6151 >> 0.9678
02d202ce-90cd-45e5-873e-9a66a534a7cf >> 0.6838
82affa69-4c37-4ff6-a586-6c39f893002f >> 0.0919
637e011b-5ca5-4de0-a6ba-371aef911b1f >> 0.4737
c6d50a3e-8539-4792-bb5d-3afeb4f4eca4 >> 0.6618
80b431ff-ba4f-41d8-ae65-bc3e592aa3db >> 0.1853
e44ee33b-d1c0-4f4e-8b52-5680c94d2b2a >> 0.1887
4f331b5e-1c0e-4a55-a4fc-a731b0a2b92e >> 0.8732
79a7ff37-28c3-4db5-89ee-5faa94286e8d >> 0.7136
4a41c4b8-788c-4093-8cd7-01ed57ee5941 >> 0.9160
2fef23e0-f3d3-4354-ad5e-d42f7836721f >> 0.5563
5ad65c72-c7ed-4d7e-9f85-c8b9e0ac890d >> 0.5762
2321bcd8-d195-42f1-b11f-9b92d2abc4f2 >> 0.2042
5b6eeb3e-f7cb-4421-8b71-60b222084ad6 >> 0.5711
5e0c3c06-20cd-419e-bf01-6dda2688da17 >> 0.0851
ac082e89-48ad-4478-b700-d006e041d5b8 >> 0.6132
270372b7-e507-453b-9ace-3ff70bf94607 >> 0.1242
b92a0917-b871-4c72-9585-721aef53f8d5 >> 0.0968
178e343e-793c-4df1-b2a7-f740c36b12b1 >> 0.9501
5b9a1783-1f2b-4a83-ac89-8b7adf7c1ff2 >> 0.8632
8410533a-717e-498b-ba57-e80468f1339e >> 0.6654
69f87a14-b3ad-4cf7-a6d5-b3c3b3cec68b >> 0.6029
e2dd1dd2-f4a9-4b13-bc9d-cd63eabf1217 >> 0.2532
18a0e4d4-a9b9-48a0-b3ca-1061dc471b42 >> 0.1919
cfcc8556-bede-4ac4-a217-ad5c439fb5cb >> 0.8625
923d9537-b223-471c-aced-f4b5f75a9ad2 >> 0.3234
bad34517-d2ae-4498-8258-d9d6c0678a8e >> 0.3021
49f6d67a-33f4-451e-ae36-161aaa4e2291 >> 0.8768
97f3b6f1-e2c3-44fa-aa13-d5de7ef0807b >> 0.3371
7d6860c1-ea02-4444-9038-40b198a5aa64 >> 0.0518
77aeb74a-5e98-4098-9ee7-709cbb529615 >> 0.7148
bd739022-e65f-4034-b4d8-00107bab5c6a >> 0.1629
ecc4fe10-5f11-4008-9642-491b4d94bd60 >> 0.3468
3c6d3dca-4fd7-46f0-b3c6-32ed69686061 >> 0.9164
cc2ff58e-90a5-4e58-81f1-7d129e3b2ea5 >> 0.9549
3facb0d3-289b-486a-b19a-22a561c7439e >> 0.8800
90d9a7f7-1bf9-45e8-964d-7ff834e4d7be >> 0.4116
3e696d97-23ba-4ee4-a56d-c4ac3fe6b308 >> 0.4579
a9af407e-6d75-469c-b98f-7858195e26b1 >> 0.5341
884c8728-6436-46ac-b69b-35916bc61fe9 >> 0.7122
0850bf72-369b-4181-882b-58c68f0eba9d >> 0.4881
2f5832fd-0c38-44bf-b24a-1d9b10a1b259 >> 0.5217
5c38ee01-891f-4fdd-a8f6-46323d78ca9a >> 0.8131
1720843d-839f-4d95-86b5-ddce0e5d074b >> 0.5095
14773209-733a-4ab5-97e8-6ac489fdaffa >> 0.4435
7d176d67-7691-4dba-8f05-657929b561db >> 0.9818
913527d5-9dfe-405b-9001-481af12a8ff7 >> 0.8441
2d4199f4-0019-4afb-9a09-5b200a155534 >> 0.7786
54274d9b-fd9c-4598-bcb5-98e44fb6595b >> 0.2674
870f9ca4-61bb-47ea-af0c-bab6d3fd7541 >> 0.4527
8929b322-fc10-4390-9a60-8815ddbd7d31 >> 0.7521
b2da024d-ef0b-47ce-bd7d-f8a699f2eccc >> 0.8912
48acadc8-3b0b-4737-94ce-f6a338e4995f >> 0.3059
94daed32-ee84-4d99-9486-c9f0457680aa >> 0.2340
879a0c8b-efdc-4e30-9fd9-685bf12e09bc >> 0.3238
2442383f-4f7d-4248-b8c2-5f9814ed9baf >> 0.6835
7e3c33c3-1ef1-4afa-addd-3585f33e07ad >> 0.2515
6a3ee024-1e98-41f0-a733-3037374d3cd8 >> 0.2601
c7545b02-d4c3-4be9-9da3-b19ab88a6600 >> 0.7650
0af2d744-968e-4965-80fa-5beabe13d89b >> 0.5567
ecae4c66-a284-40c9-8536-e92685eaa347 >> 0.5721
e33225e5-21c5-43ba-bc5a-49fcf9c3fb75 >> 0.3794
41466123-952d-40f6-834f-78d7090bf241 >> 0.5359
4b20586d-74e2-41cd-b428-bad5c7730918 >> 0.5781
4cd66019-e546-424e-9709-5002b7adaa50 >> 0.7674
e59e541a-e917-43c4-8015-8067279bbc4c >> 0.9368
59de3696-f886-481a-87a6-1afc3f98c639 >> 0.6191
64a79455-5a4c-43c0-8580-a7469d45ce39 >> 0.4388
eae02141-3fb6-4684-84c8-a7cb4315961e >> 0.7540
0e59f01b-26d9-493e-90bb-38eedf2a31f5 >> 0.2465
64dd7016-7043-49ab-add8-738246c0273c >> 0.4349
946d5fc0-6aeb-458b-9c6d-f5b1c8bd21ac >> 0.1631
b1eed185-69e5-415f-aff5-c6793df38aac >> 0.7365
d5f24183-005a-485b-b7b7-13723ced66a7 >> 0.4058
1beb93f5-b799-47d4-995b-f2d51f775e6a >> 0.9992
21abd05f-9a9c-4eca-b72d-9ac0df8aa769 >> 0.1429
33617474-07f1-4017-9737-85427b513f7d >> 0.9642
aceb013d-4667-47c4-b9a4-aa80ac52e9f1 >> 0.6186
de91e861-e886-49c9-81e0-58a6980ca990 >> 0.2254
1aeb263a-e634-4122-ae92-55a05140241a >> 0.6532
d65cbc99-1dc1-4cec-b498-d3ad275b8767 >> 0.8221
2a5bf2d3-5155-42ed-8a18-37c43b437f8d >> 0.0899
4036fa1a-0cfc-4dbf-921c-f3d534d8b432 >> 0.5580
9aeb7ded-6fff-48d9-b521-bc7df204e7c8 >> 0.3334
212cb4b8-7e0d-4c22-8f7e-8322e30f26d5 >> 0.4665
a046e5fc-68f5-4d77-aa2d-51e0e97730f6 >> 0.1900
d7fc607a-6a17-4f56-ab6a-b40ba02adf55 >> 0.3686
eaeea9ac-ecf7-4b1e-8e82-98fe72aa0619 >> 0.2019
e2fcf4e4-5599-46f4-9324-028a83401f74 >> 0.7101
d4f3c47b-0f32-47a5-84c4-09464fb9fe96 >> 0.0173
4e07a60e-5c27-4521-8b77-dca4ec3b0ae6 >> 0.8458
787723db-b949-42e9-899d-cc677ba94350 >> 0.5223
3198e908-3ccb-4269-9173-b0d607713923 >> 0.5190
4f913c00-f59a-419a-9c8e-cb87f95d37a9 >> 0.2627
25c34475-accf-4638-9a84-47712490fce1 >> 0.4130
0d3de345-4bb3-4d5e-ba9d-c2994b9cf6b9 >> 0.2274
a0b9807c-23c8-44ff-be5b-0ca784381672 >> 0.1065
2a17ff97-db76-430d-bf68-c329f8cd187d >> 0.5978
d8a38d8e-ee7f-46b4-a0e7-c2ca6db78eab >> 0.8090
b79f533f-b2b9-4b80-b644-80ed3122aecc >> 0.0222
cc52a469-8e9b-4b70-a67e-ade10b64a175 >> 0.8902
4f05ec9a-1de9-4df7-ba41-0acfe9fc13a3 >> 0.4985
b3e898fb-fa33-42af-b674-a043a4b711b8 >> 0.8999
40d21602-3eb9-4d11-b6ba-e539bb4a5d99 >> 0.1776
055682eb-d7a7-419f-bebe-d9bd3abb2e08 >> 0.2923
969f1898-6cf4-47b0-b120-4aba253197a8 >> 0.6475
3031dacf-aabe-4035-8edd-c9bf13c576ed >> 0.1384
beda2834-c11d-4aa9-992a-414b9aaa6a3a >> 0.6582
30a35f08-1669-4613-8185-053e89757910 >> 0.7025
b7ee2687-f9f1-4aaa-bb17-b8d9f266a1cc >> 0.4893
4bc98fb1-012e-4561-be13-2168b36197ad >> 0.3183
fc8d12ed-6248-4644-812d-e1af393b7f95 >> 0.7323
075d025d-5718-4aaa-b1a0-de0c6dd85c2a >> 0.7494
a43fa953-ef06-45ba-9a6e-ce89a4bc31a1 >> 0.0967
07782686-7170-4771-b4bf-dc35048fb9c1 >> 0.2039
df3008ef-16bb-4e91-93e8-228dde12524e >> 0.2883
c22123a1-bd88-4b97-b0da-67dead92e213 >> 0.1906
72f2cc69-c3b5-48ed-800c-72eb8bd00275 >> 0.6442
6e59959e-3b07-4d70-b204-c25ad44b22c9 >> 0.4657
b1f843c8-a417-41ea-977b-f0f08ba3cc33 >> 0.2838
241d9651-a653-4b01-929f-23345e402e41 >> 0.1261
6d8b1617-bc87-4e26-b5e8-b47a4c326201 >> 0.5261
c7ebc750-5032-4ed7-b54b-52a5910886c5 >> 0.1494
62913daf-74e3-42b9-8da8-c1a5922ca5a8 >> 0.9809
e6b9c899-d3b9-4f8a-a8c3-b8460feb4630 >> 0.1929
c3372288-e79a-4a9d-b19e-a889ce68d7c4 >> 0.7562
8268a4c1-b565-4924-8564-3546e9547782 >> 0.7764
21bcaf34-a143-4a29-bed8-14c1710dbad1 >> 0.8250
fbd5d1cf-58bf-47e9-9040-96c3427d2dc3 >> 0.6200
96162f17-358f-43dd-829e-b0db0f2f08de >> 0.6354
52358d4d-000b-482d-8e3c-212ee0a9ac20 >> 0.0173
af11bc7a-64c7-48ea-b805-f1ef28a276ee >> 0.9232
99590fe6-5f93-458d-bc9a-d94ec231acb0 >> 0.2674
e97592f8-47ab-4b7a-b512-8af92670a1f0 >> 0.5532
f4e62da3-f2e8-47e8-84d8-92372f7f6acb >> 0.8167
9e3aa6a6-af96-4ee7-bbfb-b750e14ce9a3 >> 0.9182
fe9b1e1c-6aa8-46a1-9109-bfc7c2e2e688 >> 0.7382
4455d4a6-a283-4f56-aba7-06fd7ffc2f3a >> 0.6113
de456f6f-5110-443d-b63e-6dd4428e8912 >> 0.7891
e97780b5-6e77-4c68-9bb7-a9b433020562 >> 0.1808
8d450863-710c-4c5e-8aee-86b9785e819b >> 0.5953
4b1dc945-3307-4917-b995-db99fe07d6d1 >> 0.4391
dcefb210-afe5-4fec-93d2-0f5812aa8d4b >> 0.8124
6b4b498e-3c9a-4e20-968d-1429cacd04f7 >> 0.2703
fe490418-9407-4469-8e6e-76804197b111 >> 0.5133
1abf0bea-731f-4a11-906a-806b3f96b33c >> 0.5244
138ccd45-cf6d-4e20-ab26-ed10bdf8494a >> 0.0823
2999a971-730f-432d-be7d-140ef8277814 >> 0.0836
83a5a8d4-5120-4be0-98f3-b1e27908841e >> 0.3249
304b2ee1-ab0a-4bc4-9ad4-b6287a136946 >> 0.0460
d5f7bcfb-fd20-4076-9faa-be9b139389f8 >> 0.9192
5a9d14ee-fcbf-4b9d-8ce0-689dc981c424 >> 0.8987
1e9bec87-9499-4d20-add1-c39ec6825f60 >> 0.8423
d515e5cd-3c91-400e-b112-2e929b1bc602 >> 0.3989
26b22f69-3e41-419e-be78-f4805c54ee52 >> 0.4496
a83e6f7b-9267-4249-bfda-4b0e14691f05 >> 0.8006
ebc3b89e-5bb2-4d88-b6b9-c6c660aae10a >> 0.5739
4146afd2-b006-4e37-991a-020db3f4345c >> 0.6181
88bd3188-930c-44e4-8026-44ea3b2c1ca2 >> 0.2301
1ffeddcb-0f80-417e-800d-302608e2b83e >> 0.0233
]]></system-out>
  <system-err><![CDATA[]]></system-err>
</testsuite>
