<?xml version="1.0" encoding="UTF-8"?>
<testsuite name="CollectionRuleTest" tests="4" skipped="0" failures="0" errors="0" timestamp="2021-11-23T13:11:12" hostname="ar-jsolis-m" time="0.003">
  <properties/>
  <testcase name="given a list of excluded candidates, collection rule should return false when it is in the list()" classname="CollectionRuleTest" time="0.0"/>
  <testcase name="given a list of included candidates, collection rule should return false when it is not in the list()" classname="CollectionRuleTest" time="0.0"/>
  <testcase name="given a list of excluded candidates, collection rule should return true when it is not in the list()" classname="CollectionRuleTest" time="0.0"/>
  <testcase name="given a list of included candidates, collection rule should return true when it is in the list()" classname="CollectionRuleTest" time="0.0"/>
  <system-out><![CDATA[]]></system-out>
  <system-err><![CDATA[]]></system-err>
</testsuite>
